--- Terminal on /dev/cu.usbmodem14201 | 115200 8-N-1
--- Available filters and text transformations: colorize, debug, default, direct, esp32_exception_decoder, hexlify, log2file, nocontrol, printable, send_on_enter, time
--- More details at https://bit.ly/pio-monitor-filters
--- Quit: Ctrl+C | Menu: Ctrl+T | Help: Ctrl+T followed by Ctrl+H
[  5301][I][SettingsWebApp.cpp:125] onFocusChange(): focus: YES
[ 33765][I][AudioContext.cpp:233] openPlaylistItemStream(): [0 / 4] open file: /audio/mp3/Juno Dreams/bad/Juno Dreams - Descent.mp3
[ 38157][I][AudioContext.cpp:233] openPlaylistItemStream(): [1 / 4] open file: /audio/mp3/Juno Dreams/bad/Juno Dreams - Be With Me.mp3
Guru Meditation Error: Core  1 panic'ed (LoadProhibited). Exception was unhandled.

Core  1 register dump:
PC      : 0x4037609e  PS      : 0x00050031  A0      : 0x40379738  A1      : 0x3fc98010  
A2      : 0x3d80af98  A3      : 0x00000000  A4      : 0x00000000  A5      : 0x4037d46e  
A6      : 0x00000400  A7      : 0x3fcf2b28  A8      : 0x00000000  A9      : 0x00000000  
A10     : 0x3d80af98  A11     : 0x00000000  A12     : 0x00000014  A13     : 0x00000004  
A14     : 0x3fcb5c38  A15     : 0x80000001  SAR     : 0x0000000d  EXCCAUSE: 0x0000001c  
EXCVADDR: 0x00000004  LBEG    : 0x40056f5c  LEND    : 0x40056f72  LCOUNT  : 0x00670613  


Backtrace: 0x4037609b:0x3fc98010 0x40379735:0x3fc98040 0x40056f6a:0x3fcbacc0 0x420195ea:0x3fcbacd0 0x42019805:0x3fcbacf0 0x4201dea6:0x3fcbad10 0x4201e3ea:0x3fcbad70 0x4201ec7b:0x3fcbad90 0x4201ed8d:0x3fcbade0
  #0  0x4037609b in gdma_ll_tx_get_interrupt_status at /home/runner/work/esp32-arduino-lib-builder/esp32-arduino-lib-builder/esp-idf/components/hal/esp32s3/include/hal/gdma_ll.h:316
      (inlined by) gdma_default_tx_isr at /home/runner/work/esp32-arduino-lib-builder/esp32-arduino-lib-builder/esp-idf/components/driver/gdma.c:785
  #1  0x3fc98010 in port_IntStack at ??:?
  #2  0x40379735 in _xt_lowint1 at /home/runner/work/esp32-arduino-lib-builder/esp32-arduino-lib-builder/esp-idf/components/freertos/port/xtensa/xtensa_vectors.S:1118
  #3  0x3fc98040 in port_IntStackTop at ??:?
  #4  0x420195ea in audio_tools::MetaDataID3V2::processPartialTagAtTail(unsigned char const*, unsigned int) at .pio/libdeps/dbg-smalltv-esp32s3-rev0-16mb/audio-tools/src/AudioTools/CoreAudio/AudioMetaData/MetaDataID3.h:501
      (inlined by) audio_tools::MetaDataID3V2::write(unsigned char const*, unsigned int) at .pio/libdeps/dbg-smalltv-esp32s3-rev0-16mb/audio-tools/src/AudioTools/CoreAudio/AudioMetaData/MetaDataID3.h:361
      (inlined by) audio_tools::MetaDataID3::write(unsigned char const*, unsigned int) at .pio/libdeps/dbg-smalltv-esp32s3-rev0-16mb/audio-tools/src/AudioTools/CoreAudio/AudioMetaData/MetaDataID3.h:592
  #5  0x42019805 in audio_tools::AudioPlayer::decodeMetaData(void*, void*, unsigned int) at .pio/libdeps/dbg-smalltv-esp32s3-rev0-16mb/audio-tools/src/AudioTools/CoreAudio/AudioPlayer.h:528
  #6  0x4201dea6 in audio_tools::StreamCopyT<unsigned char>::copyBytes(unsigned int) at .pio/libdeps/dbg-smalltv-esp32s3-rev0-16mb/audio-tools/src/AudioTools/CoreAudio/StreamCopy.h:166 (discriminator 1)
  #7  0x4201e3ea in audio_tools::AudioPlayer::copy(unsigned int) at .pio/libdeps/dbg-smalltv-esp32s3-rev0-16mb/audio-tools/src/AudioTools/CoreAudio/AudioPlayer.h:373 (discriminator 2)
  #8  0x4201ec7b in audio_tools::AudioPlayer::copy() at .pio/libdeps/dbg-smalltv-esp32s3-rev0-16mb/audio-tools/src/AudioTools/CoreAudio/AudioPlayer.h:356
      (inlined by) service::AudioPlayer::task() at src/services/audio_player/AudioPlayer.cpp:194
  #9  0x4201ed8d in service::AudioPlayer::start(service::audio_player::AudioContext*)::{lambda(void*)#1}::_FUN(void*) at src/services/audio_player/AudioPlayer.cpp:65
      (inlined by) _FUN at src/services/audio_player/AudioPlayer.cpp:66





ELF file SHA256: 36f62ce25542186c

E (10699) esp_core_dump_flash: Core dump flash config is corrupted! CRC=0x7bd5c66f instead of 0x0
Rebooting...
ESP-ROM:esp32s3-20210327
Build:Mar 27 2021
rst:0xc (RTC_SW_CPU_RST),boot:0x28 (SPI_FAST_FLASH_BOOT)
Saved PC:0x420f37c6
  #0  0x420f37c6 in esp_pm_impl_waiti at /home/runner/work/esp32-arduino-lib-builder/esp32-arduino-lib-builder/esp-idf/components/esp_pm/pm_impl.c:855

SPIWP:0xee
mode:DIO, clock div:1
load:0x3fce3808,len:0x4bc
load:0x403c9700,len:0xbd8
load:0x403cc700,len:0x2a0c
entry 0x403c98d0
[   262][D][esp32-hal-tinyusb.c:680] tinyusb_enable_interface(): Interface MSC enabled
E (270) esp_core_dump_flash: No core dump partition found!
E (270) esp_core_dump_flash: No core dump partition found!
[   271][I][esp32-hal-psram.c:96] psramInit(): PSRAM enabled
[  1806][I][Settings.cpp:15] data(): begin database
[  1832][I][SDCard.cpp:44] begin(): Initializing SD card
[  1883][I][SDCard.cpp:82] begin(): SD card mounted at: /sdcard

Name: SD16G
Type: SDHC/SDXC
Speed: 40 MHz
Size: 7624MB
NetworkConnection: begin
NetworkConnection: connect on boot
[  3123][D][WiFiGeneric.cpp:1040] _eventCallback(): Arduino Event: 0 - WIFI_READY
[  3167][D][WiFiGeneric.cpp:1040] _eventCallback(): Arduino Event: 2 - STA_START
[  3174][D][WiFiGeneric.cpp:1040] _eventCallback(): Arduino Event: 10 - AP_START
[  3194][D][WiFiGeneric.cpp:1040] _eventCallback(): Arduino Event: 11 - AP_STOP
[  3201][D][WiFiGeneric.cpp:1040] _eventCallback(): Arduino Event: 10 - AP_START
DateAndTimeClass: begin
[  3218][I][SettingsWebApp.cpp:11] begin(): begin
[  3225][I][Settings.cpp:27] sets(): begin settings
Strorage mount point: /sdcard
Storage total bytes: 7608.121094
Storage used bytes: 2795.074219
[  3352][D][WiFiGeneric.cpp:1040] _eventCallback(): Arduino Event: 4 - STA_CONNECTED
[  4048][D][WiFiGeneric.cpp:1040] _eventCallback(): Arduino Event: 7 - STA_GOT_IP
[  4056][D][WiFiGeneric.cpp:1103] _eventCallback(): STA IP: 192.168.0.104, MASK: 255.255.255.0, GW: 192.168.0.1
NetworkConnection: connected: 192.168.0.104
[  4078][D][WiFiGeneric.cpp:1040] _eventCallback(): Arduino Event: 11 - AP_STOP
[  4086][D][WiFiGeneric.cpp:1040] _eventCallback(): Arduino Event: 10 - AP_START
[  4094][D][WiFiGeneric.cpp:1040] _eventCallback(): Arduino Event: 11 - AP_STOP
[  4987][I][SettingsWebApp.cpp:125] onFocusChange(): focus: YES
[ 15296][I][SettingsWebApp.cpp:125] onFocusChange(): focus: NO
[257297][I][SettingsWebApp.cpp:125] onFocusChange(): focus: YES
[262307][I][SettingsWebApp.cpp:125] onFocusChange(): focus: NO
