[3849554][I][SettingsWebApp.cpp:130] onFocusChange(): focus: NO
[3850889][I][SettingsWebApp.cpp:130] onFocusChange(): focus: YES
Guru Meditation Error: Core  1 panic'ed (LoadProhibited). Exception was unhandled.

Core  1 register dump:
PC      : 0x4202648e  PS      : 0x00060130  A0      : 0x8202922c  A1      : 0x3fcae580
A2      : 0x3fc9bfe8  A3      : 0x3fcae7dc  A4      : 0x00000001  A5      : 0x00000001
A6      : 0x00000000  A7      : 0x000001fc  A8      : 0x8205fd96  A9      : 0x3fcae5a0
A10     : 0x3fcae7dc  A11     : 0x3c128490  A12     : 0x00000000  A13     : 0x0000ff00
A14     : 0x00ff0000  A15     : 0xff000000  SAR     : 0x00000010  EXCCAUSE: 0x0000001c
EXCVADDR: 0x00000020  LBEG    : 0x400556d5  LEND    : 0x400556e5  LCOUNT  : 0xffffffff


Backtrace: 0x4202648b:0x3fcae580 0x42029229:0x3fcae5e0 0x42038e75:0x3fcae810 0x4203dfe8:0x3fcae830 0x420354ed:0x3fcae850 0x42036115:0x3fcae910 0x4200603d:0x3fcae930 0x42006f53:0x3fcae950 0x42009701:0x3fcae9f0 0x4200a1dd:0x3fcaea80 0x4200ad85:0x3fcaeb60 0x420343a5:0x3fcaebd0 0x420371d9:0x3fcaebf0 0x42033691:0x3fcaeed0
  #0  0x4202648b in std::__uniq_ptr_impl<service::audio_player::AudioContext, std::default_delete<service::audio_player::AudioContext> >::_M_ptr() const at c:\users\yevgeniy\.platformio\packages\toolchain-xtensa-esp32s3\xtensa-esp32s3-elf\include\c++\8.4.0\bits/unique_ptr.h:150
      (inlined by) std::unique_ptr<service::audio_player::AudioContext, std::default_delete<service::audio_player::AudioContext> >::get() const at c:\users\yevgeniy\.platformio\packages\toolchain-xtensa-esp32s3\xtensa-esp32s3-elf\include\c++\8.4.0\bits/unique_ptr.h:346   
      (inlined by) service::AudioPlayer::getContext() at src/services/audio_player/AudioPlayer.h:36
      (inlined by) service::audio_player::AudioPlayerUI::fillPlaylistOptions(String&) at src/services/audio_player/AudioPlayerUI.cpp:199
  #1  0x42029229 in service::audio_player::AudioPlayerUI::settingsBuild(sets::Builder&) at src/services/audio_player/AudioPlayerUI.cpp:48
  #2  0x42038e75 in service::settings_webapp::Main::audioPlayerBuild(sets::Builder&) at src/services/settings_webapp/tabs/Main.cpp:76   
  #3  0x4203dfe8 in service::settings_webapp::Main::settingsBuild(sets::Builder&) at src/services/settings_webapp/tabs/Main.cpp:26      
  #4  0x420354ed in service::SettingsWebApp::settingsBuild(sets::Builder&) at src/services/settings_webapp/SettingsWebApp.cpp:85        
  #5  0x42036115 in std::_Function_handler<void (sets::Builder&), service::SettingsWebApp::task()::{lambda(sets::Builder&)#1}>::_M_invoke(std::_Any_data const&, sets::Builder&) at src/services/settings_webapp/SettingsWebApp.cpp:27
      (inlined by) _M_invoke at c:\users\yevgeniy\.platformio\packages\toolchain-xtensa-esp32s3\xtensa-esp32s3-elf\include\c++\8.4.0\bits/std_function.h:297
  #6  0x4200603d in std::function<void (sets::Builder&)>::operator()(sets::Builder&) const at c:\users\yevgeniy\.platformio\packages\toolchain-xtensa-esp32s3\xtensa-esp32s3-elf\include\c++\8.4.0\bits/std_function.h:687
  #7  0x42006f53 in sets::SettingsBase::_sendBuild(bool) at .pio/libdeps/dbg-smalltv-esp32s3-rev0-16mb/Settings/src/./core/SettingsBase.h:533
  #8  0x42009701 in sets::SettingsBase::parse(unsigned int, unsigned int, unsigned int, su::Text) at .pio/libdeps/dbg-smalltv-esp32s3-rev0-16mb/Settings/src/./core/SettingsBase.h:350
  #9  0x4200a1dd in SettingsT<WiFiServer, WiFiClient>::begin(bool)::{lambda(ghttp::ServerBase::Request)#1}::operator()(ghttp::ServerBase::Request) const at .pio/libdeps/dbg-smalltv-esp32s3-rev0-16mb/Settings/src/SettingsT.h:33
  #10 0x4200ad85 in std::_Function_handler<void (ghttp::ServerBase::Request), SettingsT<WiFiServer, WiFiClient>::begin(bool)::{lambda(ghttp::ServerBase::Request)#1}>::_M_invoke(std::_Any_data const&, ghttp::ServerBase::Request&&) at c:\users\yevgeniy\.platformio\packages\toolchain-xtensa-esp32s3\xtensa-esp32s3-elf\include\c++\8.4.0\bits/std_function.h:297
  #11 0x420343a5 in std::function<void (ghttp::ServerBase::Request)>::operator()(ghttp::ServerBase::Request) const at c:\users\yevgeniy\.platformio\packages\toolchain-xtensa-esp32s3\xtensa-esp32s3-elf\include\c++\8.4.0\bits/std_function.h:687
  #12 0x420371d9 in ghttp::ServerBase::handleRequest(Client&, ghttp::HeadersCollector*) at .pio/libdeps/dbg-smalltv-esp32s3-rev0-16mb/GyverHTTP/src/./utils/ServerBase.h:379
      (inlined by) ghttp::Server<WiFiServer, WiFiClient>::tick(ghttp::HeadersCollector*) at .pio/libdeps/dbg-smalltv-esp32s3-rev0-16mb/GyverHTTP/src/./utils/Server.h:23
      (inlined by) SettingsT<WiFiServer, WiFiClient>::tick() at .pio/libdeps/dbg-smalltv-esp32s3-rev0-16mb/Settings/src/SettingsT.h:114 
      (inlined by) service::SettingsWebApp::task() at src/services/settings_webapp/SettingsWebApp.cpp:50
  #13 0x42033691 in task::Task<8192u, 1, 1u>::start(char const*)::{lambda(void*)#1}::operator()(void*) const at src/core/tasks/Task.h:31
      (inlined by) task::Task<8192u, 1, 1u>::start(char const*)::{lambda(void*)#1}::_FUN(void*) at src/core/tasks/Task.h:27





ELF file SHA256: 43aa2a37fd8899ef

E (6637) esp_core_dump_flash: Core dump flash config is corrupted! CRC=0x7bd5c66f instead of 0x0
Rebooting...
ESP-ROM:esp32s3-20210327
Build:Mar 27 2021
rst:0xc (RTC_SW_CPU_RST),boot:0x28 (SPI_FAST_FLASH_BOOT)
Saved PC:0x42111af2
  #0  0x42111af2 in esp_pm_impl_waiti at /home/runner/work/esp32-arduino-lib-builder/esp32-arduino-lib-builder/esp-idf/components/esp_pm/pm_impl.c:855

SPIWP:0xee
mode:DIO, clock div:1
load:0x3fce3808,len:0x4bc
load:0x403c9700,len:0xbd8
load:0x403cc700,len:0x2a0c
entry 0x403c98d0
E (289) esp_core_dump_flash: No core dump partition found!
E (289) esp_core_dump_flash: No core dump partition found!
[   290][I][esp32-hal-psram.c:96] psramInit(): PSRAM enabled
[  1824][I][Settings.cpp:15] data(): begin database
[  1841][I][SDCard.cpp:39] begin(): Initializing SD card
[  1892][I][SDCard.cpp:76] begin(): SD card mounted at: /sdcard

Name: SD16G
Type: SDHC/SDXC
Speed: 40 MHz
Size: 7624MB
[  3118][I][GeoLocation.cpp:134] requestNewData(): request new data!
[  3124][I][WiFiConnection.cpp:17] begin(): connect to wifi on boot
[  3130][I][WiFiConnection.cpp:72] beginConnection(): try connect to: bla-wifi
[  3212][I][WiFiConnection.cpp:84] beginConnection(): start AP+STA: SmallTV (192.168.4.1)