--- Terminal on /dev/cu.usbmodem14201 | 115200 8-N-1
--- Available filters and text transformations: colorize, debug, default, direct, esp32_exception_decoder, hexlify, log2file, nocontrol, printable, send_on_enter, time
--- More details at https://bit.ly/pio-monitor-filters
--- Quit: Ctrl+C | Menu: Ctrl+T | Help: Ctrl+T followed by Ctrl+H
NetworkConnection: begin
NetworkConnection: connect on boot
[  3110][D][WiFiGeneric.cpp:1040] _eventCallback(): Arduino Event: 0 - WIFI_READY
[  3155][D][WiFiGeneric.cpp:1040] _eventCallback(): Arduino Event: 2 - STA_START
[  3162][D][WiFiGeneric.cpp:1040] _eventCallback(): Arduino Event: 10 - AP_START
[  3182][D][WiFiGeneric.cpp:1040] _eventCallback(): Arduino Event: 11 - AP_STOP
[  3298][D][WiFiGeneric.cpp:1040] _eventCallback(): Arduino Event: 10 - AP_START
DateAndTimeClass: begin
[  3316][I][SettingsWebApp.cpp:11] begin(): begin
[  3322][I][Settings.cpp:27] sets(): begin settings
Strorage mount point: /sdcard
Storage total bytes: 7608.121094
Storage used bytes: 2795.074219
[  3444][D][WiFiGeneric.cpp:1040] _eventCallback(): Arduino Event: 4 - STA_CONNECTED
[  4121][D][WiFiGeneric.cpp:1040] _eventCallback(): Arduino Event: 7 - STA_GOT_IP
[  4129][D][WiFiGeneric.cpp:1103] _eventCallback(): STA IP: 192.168.0.109, MASK: 255.255.255.0, GW: 192.168.0.1
NetworkConnection: connected: 192.168.0.109
[  4157][D][WiFiGeneric.cpp:1040] _eventCallback(): Arduino Event: 11 - AP_STOP
[  4165][D][WiFiGeneric.cpp:1040] _eventCallback(): Arduino Event: 10 - AP_START
[  4173][D][WiFiGeneric.cpp:1040] _eventCallback(): Arduino Event: 11 - AP_STOP
[ 24808][I][SettingsWebApp.cpp:125] onFocusChange(): focus: YES
[ 39288][I][AudioContext.cpp:165] openPlaylistItemStream(): [0 / 4] open file: /audio/mp3/Juno Dreams/bad/Juno Dreams - Descent.mp3
[ 50685][I][AudioContext.cpp:165] openPlaylistItemStream(): [2 / 4] open file: /audio/mp3/Juno Dreams/bad/Juno Dreams - Lost Souls.mp3
Guru Meditation Error: Core  1 panic'ed (LoadProhibited). Exception was unhandled.

Core  1 register dump:
PC      : 0x4200ee06  PS      : 0x00060530  A0      : 0x82013e40  A1      : 0x3fcba3e0  
A2      : 0x3fc9bde8  A3      : 0x3d816b2c  A4      : 0x00001200  A5      : 0x00001200  
A6      : 0x00000000  A7      : 0x00000000  A8      : 0x00000000  A9      : 0x3d80b024  
A10     : 0x00000000  A11     : 0x00000000  A12     : 0x00000002  A13     : 0x0000ff6c  
A14     : 0x00000000  A15     : 0x3d817ce8  SAR     : 0x0000000c  EXCCAUSE: 0x0000001c  
EXCVADDR: 0x00000000  LBEG    : 0x40056fc5  LEND    : 0x40056fe7  LCOUNT  : 0x00000000  


Backtrace: 0x4200ee03:0x3fcba3e0 0x42013e3d:0x3fcba400 0x4201731d:0x3fcba420 0x42008555:0x3fcba440 0x42009345:0x3fcba490 0x420ed8a6:0x3fcba4c0 0x4200b161:0x3fcba4e0 0x4200cc7d:0x3fcba500 0x4200cfcc:0x3fcba550 0x42011033:0x3fcba570 0x4201accd:0x3fcba590 0x4201af5b:0x3fcba5c0 0x4201b3c2:0x3fcba620 0x4201d113:0x3fcba640 0x4201d239:0x3fcba690
  #0  0x4200ee03 in audio_tools::Vector<audio_tools::AudioOutput*>::operator[](int) at .pio/libdeps/dbg-smalltv-esp32s3-rev0-16mb/audio-tools/src/AudioTools/CoreAudio/AudioBasic/Collections/Vector.h:258
      (inlined by) audio_tools::MultiOutput::write(unsigned char const*, unsigned int) at .pio/libdeps/dbg-smalltv-esp32s3-rev0-16mb/audio-tools/src/AudioTools/CoreAudio/AudioIO.h:397
  #1  0x42013e3d in audio_tools::FadeStream::write(unsigned char const*, unsigned int) at .pio/libdeps/dbg-smalltv-esp32s3-rev0-16mb/audio-tools/src/AudioTools/CoreAudio/Fade.h:297
  #2  0x4201731d in audio_tools::VolumeStream::write(unsigned char const*, unsigned int) at .pio/libdeps/dbg-smalltv-esp32s3-rev0-16mb/audio-tools/src/AudioTools/CoreAudio/VolumeStream.h:151
  #3  0x42008555 in libhelix::MP3DecoderHelix::provideResult(_MP3FrameInfo&) at .pio/libdeps/dbg-smalltv-esp32s3-rev0-16mb/libhelix/src/MP3DecoderHelix.h:153
      (inlined by) libhelix::MP3DecoderHelix::decode() at .pio/libdeps/dbg-smalltv-esp32s3-rev0-16mb/libhelix/src/MP3DecoderHelix.h:125
  #4  0x42009345 in libhelix::CommonHelix::writeChunk(void const*, unsigned int) at .pio/libdeps/dbg-smalltv-esp32s3-rev0-16mb/libhelix/src/CommonHelix.h:225
  #5  0x420ed8a6 in libhelix::CommonHelix::write(void const*, unsigned int) at .pio/libdeps/dbg-smalltv-esp32s3-rev0-16mb/libhelix/src/CommonHelix.h:82
  #6  0x4200b161 in audio_tools::MP3DecoderHelix::write(unsigned char const*, unsigned int) at .pio/libdeps/dbg-smalltv-esp32s3-rev0-16mb/audio-tools/src/AudioTools/AudioCodecs/CodecMP3Helix.h:111
  #7  0x4200cc7d in audio_tools::MetaDataFilter::write(unsigned char const*, unsigned int) at .pio/libdeps/dbg-smalltv-esp32s3-rev0-16mb/audio-tools/src/AudioTools/CoreAudio/AudioMetaData/MetaDataFilter.h:64 (discriminator 1)
  #8  0x4200cfcc in audio_tools::MetaDataFilterDecoder::write(unsigned char const*, unsigned int) at .pio/libdeps/dbg-smalltv-esp32s3-rev0-16mb/audio-tools/src/AudioTools/CoreAudio/AudioMetaData/MetaDataFilter.h:207
  #9  0x42011033 in audio_tools::EncodedAudioOutput::write(unsigned char const*, unsigned int) at .pio/libdeps/dbg-smalltv-esp32s3-rev0-16mb/audio-tools/src/AudioTools/AudioCodecs/AudioEncoded.h:199 (discriminator 4)
  #10 0x4201accd in audio_tools::StreamCopyT<unsigned char>::write(unsigned int, unsigned int&) at .pio/libdeps/dbg-smalltv-esp32s3-rev0-16mb/audio-tools/src/AudioTools/CoreAudio/StreamCopy.h:397
  #11 0x4201af5b in audio_tools::StreamCopyT<unsigned char>::copyBytes(unsigned int) at .pio/libdeps/dbg-smalltv-esp32s3-rev0-16mb/audio-tools/src/AudioTools/CoreAudio/StreamCopy.h:167
  #12 0x4201b3c2 in audio_tools::AudioPlayer::copy(unsigned int) at .pio/libdeps/dbg-smalltv-esp32s3-rev0-16mb/audio-tools/src/AudioTools/CoreAudio/AudioPlayer.h:376 (discriminator 2)
  #13 0x4201d113 in audio_tools::AudioPlayer::copy() at .pio/libdeps/dbg-smalltv-esp32s3-rev0-16mb/audio-tools/src/AudioTools/CoreAudio/AudioPlayer.h:359
      (inlined by) service::AudioPlayer::task() at src/services/audio_player/AudioPlayer.cpp:194
  #14 0x4201d239 in service::AudioPlayer::start(service::audio_player::AudioContext*)::{lambda(void*)#1}::_FUN(void*) at src/services/audio_player/AudioPlayer.cpp:65
      (inlined by) _FUN at src/services/audio_player/AudioPlayer.cpp:66





ELF file SHA256: 18878d9ab80a4998

E (3224) esp_core_dump_flash: Core dump flash config is corrupted! CRC=0x7bd5c66f instead of 0x0
Rebooting...
ESP-ROM:esp32s3-20210327
Build:Mar 27 2021
rst:0xc (RTC_SW_CPU_RST),boot:0x2a (SPI_FAST_FLASH_BOOT)
Saved PC:0x420f12e6
  #0  0x420f12e6 in esp_pm_impl_waiti at /home/runner/work/esp32-arduino-lib-builder/esp32-arduino-lib-builder/esp-idf/components/esp_pm/pm_impl.c:855

SPIWP:0xee
mode:DIO, clock div:1
load:0x3fce3808,len:0x4bc
load:0x403c9700,len:0xbd8
load:0x403cc700,len:0x2a0c
entry 0x403c98d0
[   259][D][esp32-hal-tinyusb.c:680] tinyusb_enable_interface(): Interface MSC enabled
E (267) esp_core_dump_flash: No core dump partition found!
E (268) esp_core_dump_flash: No core dump partition found!
[   269][I][esp32-hal-psram.c:96] psramInit(): PSRAM enabled
[  1804][I][Settings.cpp:15] data(): begin database
[  1820][I][SDCard.cpp:44] begin(): Initializing SD card
[  1872][I][SDCard.cpp:82] begin(): SD card mounted at: /sdcard

Name: SD16G
Type: SDHC/SDXC
Speed: 40 MHz
Size: 7624MB
NetworkConnection: begin
NetworkConnection: connect on boot
[  3111][D][WiFiGeneric.cpp:1040] _eventCallback(): Arduino Event: 0 - WIFI_READY
[  3156][D][WiFiGeneric.cpp:1040] _eventCallback(): Arduino Event: 2 - STA_START
[  3163][D][WiFiGeneric.cpp:1040] _eventCallback(): Arduino Event: 10 - AP_START
[  3184][D][WiFiGeneric.cpp:1040] _eventCallback(): Arduino Event: 11 - AP_STOP
[  3191][D][WiFiGeneric.cpp:1040] _eventCallback(): Arduino Event: 10 - AP_START
DateAndTimeClass: begin
[  3209][I][SettingsWebApp.cpp:11] begin(): begin
[  3215][I][Settings.cpp:27] sets(): begin settings
Strorage mount point: /sdcard
Storage total bytes: 7608.121094
Storage used bytes: 2795.074219
[  3339][D][WiFiGeneric.cpp:1040] _eventCallback(): Arduino Event: 4 - STA_CONNECTED
[  4031][D][WiFiGeneric.cpp:1040] _eventCallback(): Arduino Event: 7 - STA_GOT_IP
[  4038][D][WiFiGeneric.cpp:1103] _eventCallback(): STA IP: 192.168.0.109, MASK: 255.255.255.0, GW: 192.168.0.1
NetworkConnection: connected: 192.168.0.109
[  4067][D][WiFiGeneric.cpp:1040] _eventCallback(): Arduino Event: 11 - AP_STOP
[  4076][D][WiFiGeneric.cpp:1040] _eventCallback(): Arduino Event: 10 - AP_START
[  4083][D][WiFiGeneric.cpp:1040] _eventCallback(): Arduino Event: 11 - AP_STOP
[  5061][I][SettingsWebApp.cpp:125] onFocusChange(): focus: YES
